<?xml version="1.0" encoding="UTF-8"?>
<testng-results skipped="0" failed="0" ignored="0" total="1" passed="1">
  <reporter-output>
  </reporter-output>
  <suite name="Default suite" duration-ms="20968" started-at="2018-05-09T07:20:03Z" finished-at="2018-05-09T07:20:24Z">
    <groups>
    </groups>
    <test name="Default test" duration-ms="20968" started-at="2018-05-09T07:20:03Z" finished-at="2018-05-09T07:20:24Z">
      <class name="guru.LoginParameterize">
        <test-method status="PASS" signature="loginnavpara()[pri:0, instance:guru.LoginParameterize@2173f6d9]" name="loginnavpara" duration-ms="20906" started-at="2018-05-09T07:20:03Z" finished-at="2018-05-09T07:20:24Z">
          <reporter-output>
          </reporter-output>
        </test-method> <!-- loginnavpara -->
        <test-method status="PASS" signature="teardown()[pri:0, instance:guru.LoginParameterize@2173f6d9]" name="teardown" is-config="true" duration-ms="37" started-at="2018-05-09T07:20:24Z" finished-at="2018-05-09T07:20:24Z">
          <reporter-output>
          </reporter-output>
        </test-method> <!-- teardown -->
      </class> <!-- guru.LoginParameterize -->
    </test> <!-- Default test -->
  </suite> <!-- Default suite -->
</testng-results>
